<?xml version="1.0" encoding="UTF-8"?>
<!-- Generated by org.testng.reporters.JUnitXMLReporter -->
<testsuite hostname="DESKTOP-8OQGMNA" ignored="6" name="Surefire test" tests="3" failures="0" timestamp="22 Apr 2019 16:09:57 GMT" time="51.744" errors="0">
  <testcase name="verifyButtonExpands" time="0.85" classname="com.insider.test.ShareBarTest"/>
  <testcase name="verifySocialLinks" time="2.903" classname="com.insider.test.SocialLinksStatusCodeTest"/>
  <testcase name="verifySocialLinks" time="8.043" classname="com.insider.test.SocialLinksTest"/>
  <testcase name="@BeforeSuite initialize" time="0.0" classname="com.insider.test.BaseTest">
    <ignored/>
  </testcase> <!-- @BeforeSuite initialize -->
  <testcase name="@BeforeSuite initialize" time="0.0" classname="com.insider.test.BaseTest">
    <ignored/>
  </testcase> <!-- @BeforeSuite initialize -->
  <testcase name="@BeforeSuite initialize" time="0.0" classname="com.insider.test.BaseTest">
    <ignored/>
  </testcase> <!-- @BeforeSuite initialize -->
  <testcase name="@AfterSuite afterSuite" time="0.0" classname="com.insider.test.BaseTest">
    <ignored/>
  </testcase> <!-- @AfterSuite afterSuite -->
  <testcase name="@AfterSuite afterSuite" time="0.0" classname="com.insider.test.BaseTest">
    <ignored/>
  </testcase> <!-- @AfterSuite afterSuite -->
  <testcase name="@AfterSuite afterSuite" time="0.0" classname="com.insider.test.BaseTest">
    <ignored/>
  </testcase> <!-- @AfterSuite afterSuite -->
</testsuite> <!-- Surefire test -->
