<?xml version="1.0" encoding="UTF-8"?>
<testng-results skipped="0" failed="0" ignored="6" total="9" passed="3">
  <reporter-output>
  </reporter-output>
  <suite name="Surefire suite" duration-ms="51744" started-at="2019-04-22T16:09:05Z" finished-at="2019-04-22T16:09:57Z">
    <groups>
      <group name="ShareBar">
        <method signature="ShareBarTest.verifyButtonExpands()[pri:0, instance:com.insider.test.ShareBarTest@7302ff13]" name="verifyButtonExpands" class="com.insider.test.ShareBarTest"/>
      </group> <!-- ShareBar -->
      <group name="SocialLinksStatusCode">
        <method signature="SocialLinksStatusCodeTest.verifySocialLinks()[pri:0, instance:com.insider.test.SocialLinksStatusCodeTest@4017fe2c]" name="verifySocialLinks" class="com.insider.test.SocialLinksStatusCodeTest"/>
      </group> <!-- SocialLinksStatusCode -->
      <group name="SocialLinks">
        <method signature="SocialLinksTest.verifySocialLinks()[pri:0, instance:com.insider.test.SocialLinksTest@1961d75a]" name="verifySocialLinks" class="com.insider.test.SocialLinksTest"/>
      </group> <!-- SocialLinks -->
      <group name="regression">
        <method signature="ShareBarTest.verifyButtonExpands()[pri:0, instance:com.insider.test.ShareBarTest@7302ff13]" name="verifyButtonExpands" class="com.insider.test.ShareBarTest"/>
        <method signature="SocialLinksStatusCodeTest.verifySocialLinks()[pri:0, instance:com.insider.test.SocialLinksStatusCodeTest@4017fe2c]" name="verifySocialLinks" class="com.insider.test.SocialLinksStatusCodeTest"/>
        <method signature="SocialLinksTest.verifySocialLinks()[pri:0, instance:com.insider.test.SocialLinksTest@1961d75a]" name="verifySocialLinks" class="com.insider.test.SocialLinksTest"/>
      </group> <!-- regression -->
    </groups>
    <test name="Surefire test" duration-ms="51744" started-at="2019-04-22T16:09:05Z" finished-at="2019-04-22T16:09:57Z">
      <class name="com.insider.test.SocialLinksStatusCodeTest">
        <test-method status="PASS" signature="springTestContextBeforeTestClass()[pri:0, instance:com.insider.test.SocialLinksStatusCodeTest@4017fe2c]" name="springTestContextBeforeTestClass" is-config="true" duration-ms="0" started-at="2019-04-22T12:09:21Z" finished-at="2019-04-22T12:09:21Z">
          <reporter-output>
          </reporter-output>
        </test-method> <!-- springTestContextBeforeTestClass -->
        <test-method status="PASS" signature="springTestContextPrepareTestInstance()[pri:0, instance:com.insider.test.SocialLinksStatusCodeTest@4017fe2c]" name="springTestContextPrepareTestInstance" is-config="true" duration-ms="6" started-at="2019-04-22T12:09:21Z" depends-on-methods="org.springframework.test.context.testng.AbstractTestNGSpringContextTests.springTestContextBeforeTestClass" finished-at="2019-04-22T12:09:21Z">
          <reporter-output>
          </reporter-output>
        </test-method> <!-- springTestContextPrepareTestInstance -->
        <test-method status="PASS" signature="startSelenium()[pri:0, instance:com.insider.test.SocialLinksStatusCodeTest@4017fe2c]" name="startSelenium" is-config="true" duration-ms="11048" started-at="2019-04-22T12:09:21Z" finished-at="2019-04-22T12:09:32Z">
          <reporter-output>
          </reporter-output>
        </test-method> <!-- startSelenium -->
        <test-method status="PASS" signature="springTestContextBeforeTestMethod(java.lang.reflect.Method)[pri:0, instance:com.insider.test.SocialLinksStatusCodeTest@4017fe2c]" name="springTestContextBeforeTestMethod" is-config="true" duration-ms="1" started-at="2019-04-22T12:09:32Z" finished-at="2019-04-22T12:09:32Z">
          <params>
            <param index="0">
              <value>
                <![CDATA[public void com.insider.test.SocialLinksStatusCodeTest.verifySocialLinks() throws java.io.IOException]]>
              </value>
            </param>
          </params>
          <reporter-output>
          </reporter-output>
        </test-method> <!-- springTestContextBeforeTestMethod -->
        <test-method status="PASS" signature="verifySocialLinks()[pri:0, instance:com.insider.test.SocialLinksStatusCodeTest@4017fe2c]" name="verifySocialLinks" duration-ms="2903" started-at="2019-04-22T12:09:32Z" finished-at="2019-04-22T12:09:35Z">
          <reporter-output>
          </reporter-output>
        </test-method> <!-- verifySocialLinks -->
        <test-method status="PASS" signature="springTestContextAfterTestMethod(java.lang.reflect.Method)[pri:0, instance:com.insider.test.SocialLinksStatusCodeTest@4017fe2c]" name="springTestContextAfterTestMethod" is-config="true" duration-ms="1" started-at="2019-04-22T12:09:35Z" finished-at="2019-04-22T12:09:35Z">
          <params>
            <param index="0">
              <value>
                <![CDATA[public void com.insider.test.SocialLinksStatusCodeTest.verifySocialLinks() throws java.io.IOException]]>
              </value>
            </param>
          </params>
          <reporter-output>
          </reporter-output>
        </test-method> <!-- springTestContextAfterTestMethod -->
        <test-method status="PASS" signature="stopSelenium()[pri:0, instance:com.insider.test.SocialLinksStatusCodeTest@4017fe2c]" name="stopSelenium" is-config="true" duration-ms="900" started-at="2019-04-22T12:09:35Z" finished-at="2019-04-22T12:09:36Z">
          <reporter-output>
          </reporter-output>
        </test-method> <!-- stopSelenium -->
        <test-method status="PASS" signature="springTestContextAfterTestClass()[pri:0, instance:com.insider.test.SocialLinksStatusCodeTest@4017fe2c]" name="springTestContextAfterTestClass" is-config="true" duration-ms="1" started-at="2019-04-22T12:09:36Z" finished-at="2019-04-22T12:09:36Z">
          <reporter-output>
          </reporter-output>
        </test-method> <!-- springTestContextAfterTestClass -->
      </class> <!-- com.insider.test.SocialLinksStatusCodeTest -->
      <class name="com.insider.test.ShareBarTest">
        <test-method status="PASS" signature="springTestContextBeforeTestClass()[pri:0, instance:com.insider.test.ShareBarTest@7302ff13]" name="springTestContextBeforeTestClass" is-config="true" duration-ms="3" started-at="2019-04-22T12:09:05Z" finished-at="2019-04-22T12:09:05Z">
          <reporter-output>
          </reporter-output>
        </test-method> <!-- springTestContextBeforeTestClass -->
        <test-method status="PASS" signature="springTestContextPrepareTestInstance()[pri:0, instance:com.insider.test.ShareBarTest@7302ff13]" name="springTestContextPrepareTestInstance" is-config="true" duration-ms="938" started-at="2019-04-22T12:09:05Z" depends-on-methods="org.springframework.test.context.testng.AbstractTestNGSpringContextTests.springTestContextBeforeTestClass" finished-at="2019-04-22T12:09:06Z">
          <reporter-output>
          </reporter-output>
        </test-method> <!-- springTestContextPrepareTestInstance -->
        <test-method status="PASS" signature="startSelenium()[pri:0, instance:com.insider.test.ShareBarTest@7302ff13]" name="startSelenium" is-config="true" duration-ms="13178" started-at="2019-04-22T12:09:06Z" finished-at="2019-04-22T12:09:19Z">
          <reporter-output>
          </reporter-output>
        </test-method> <!-- startSelenium -->
        <test-method status="PASS" signature="springTestContextBeforeTestMethod(java.lang.reflect.Method)[pri:0, instance:com.insider.test.ShareBarTest@7302ff13]" name="springTestContextBeforeTestMethod" is-config="true" duration-ms="5" started-at="2019-04-22T12:09:19Z" finished-at="2019-04-22T12:09:19Z">
          <params>
            <param index="0">
              <value>
                <![CDATA[public void com.insider.test.ShareBarTest.verifyButtonExpands()]]>
              </value>
            </param>
          </params>
          <reporter-output>
          </reporter-output>
        </test-method> <!-- springTestContextBeforeTestMethod -->
        <test-method status="PASS" signature="verifyButtonExpands()[pri:0, instance:com.insider.test.ShareBarTest@7302ff13]" name="verifyButtonExpands" duration-ms="850" started-at="2019-04-22T12:09:19Z" finished-at="2019-04-22T12:09:20Z">
          <reporter-output>
          </reporter-output>
        </test-method> <!-- verifyButtonExpands -->
        <test-method status="PASS" signature="springTestContextAfterTestMethod(java.lang.reflect.Method)[pri:0, instance:com.insider.test.ShareBarTest@7302ff13]" name="springTestContextAfterTestMethod" is-config="true" duration-ms="1" started-at="2019-04-22T12:09:20Z" finished-at="2019-04-22T12:09:20Z">
          <params>
            <param index="0">
              <value>
                <![CDATA[public void com.insider.test.ShareBarTest.verifyButtonExpands()]]>
              </value>
            </param>
          </params>
          <reporter-output>
          </reporter-output>
        </test-method> <!-- springTestContextAfterTestMethod -->
        <test-method status="PASS" signature="stopSelenium()[pri:0, instance:com.insider.test.ShareBarTest@7302ff13]" name="stopSelenium" is-config="true" duration-ms="928" started-at="2019-04-22T12:09:20Z" finished-at="2019-04-22T12:09:21Z">
          <reporter-output>
          </reporter-output>
        </test-method> <!-- stopSelenium -->
        <test-method status="PASS" signature="springTestContextAfterTestClass()[pri:0, instance:com.insider.test.ShareBarTest@7302ff13]" name="springTestContextAfterTestClass" is-config="true" duration-ms="0" started-at="2019-04-22T12:09:21Z" finished-at="2019-04-22T12:09:21Z">
          <reporter-output>
          </reporter-output>
        </test-method> <!-- springTestContextAfterTestClass -->
      </class> <!-- com.insider.test.ShareBarTest -->
      <class name="com.insider.test.BaseTest">
        <test-method status="PASS" signature="initialize()[pri:0, instance:com.insider.test.BaseTest@521441d5]" name="initialize" is-config="true" duration-ms="29" started-at="2019-04-22T12:09:05Z" finished-at="2019-04-22T12:09:05Z">
          <reporter-output>
          </reporter-output>
        </test-method> <!-- initialize -->
        <test-method status="PASS" signature="afterSuite()[pri:0, instance:com.insider.test.BaseTest@521441d5]" name="afterSuite" is-config="true" duration-ms="0" started-at="2019-04-22T12:09:57Z" finished-at="2019-04-22T12:09:57Z">
          <reporter-output>
          </reporter-output>
        </test-method> <!-- afterSuite -->
      </class> <!-- com.insider.test.BaseTest -->
      <class name="com.insider.test.SocialLinksTest">
        <test-method status="PASS" signature="springTestContextBeforeTestClass()[pri:0, instance:com.insider.test.SocialLinksTest@1961d75a]" name="springTestContextBeforeTestClass" is-config="true" duration-ms="1" started-at="2019-04-22T12:09:36Z" finished-at="2019-04-22T12:09:36Z">
          <reporter-output>
          </reporter-output>
        </test-method> <!-- springTestContextBeforeTestClass -->
        <test-method status="PASS" signature="springTestContextPrepareTestInstance()[pri:0, instance:com.insider.test.SocialLinksTest@1961d75a]" name="springTestContextPrepareTestInstance" is-config="true" duration-ms="22" started-at="2019-04-22T12:09:36Z" depends-on-methods="org.springframework.test.context.testng.AbstractTestNGSpringContextTests.springTestContextBeforeTestClass" finished-at="2019-04-22T12:09:36Z">
          <reporter-output>
          </reporter-output>
        </test-method> <!-- springTestContextPrepareTestInstance -->
        <test-method status="PASS" signature="startSelenium()[pri:0, instance:com.insider.test.SocialLinksTest@1961d75a]" name="startSelenium" is-config="true" duration-ms="11978" started-at="2019-04-22T12:09:36Z" finished-at="2019-04-22T12:09:48Z">
          <reporter-output>
          </reporter-output>
        </test-method> <!-- startSelenium -->
        <test-method status="PASS" signature="springTestContextBeforeTestMethod(java.lang.reflect.Method)[pri:0, instance:com.insider.test.SocialLinksTest@1961d75a]" name="springTestContextBeforeTestMethod" is-config="true" duration-ms="1" started-at="2019-04-22T12:09:48Z" finished-at="2019-04-22T12:09:48Z">
          <params>
            <param index="0">
              <value>
                <![CDATA[public void com.insider.test.SocialLinksTest.verifySocialLinks()]]>
              </value>
            </param>
          </params>
          <reporter-output>
          </reporter-output>
        </test-method> <!-- springTestContextBeforeTestMethod -->
        <test-method status="PASS" signature="verifySocialLinks()[pri:0, instance:com.insider.test.SocialLinksTest@1961d75a]" name="verifySocialLinks" duration-ms="8043" started-at="2019-04-22T12:09:48Z" finished-at="2019-04-22T12:09:56Z">
          <reporter-output>
          </reporter-output>
        </test-method> <!-- verifySocialLinks -->
        <test-method status="PASS" signature="springTestContextAfterTestMethod(java.lang.reflect.Method)[pri:0, instance:com.insider.test.SocialLinksTest@1961d75a]" name="springTestContextAfterTestMethod" is-config="true" duration-ms="1" started-at="2019-04-22T12:09:56Z" finished-at="2019-04-22T12:09:56Z">
          <params>
            <param index="0">
              <value>
                <![CDATA[public void com.insider.test.SocialLinksTest.verifySocialLinks()]]>
              </value>
            </param>
          </params>
          <reporter-output>
          </reporter-output>
        </test-method> <!-- springTestContextAfterTestMethod -->
        <test-method status="PASS" signature="stopSelenium()[pri:0, instance:com.insider.test.SocialLinksTest@1961d75a]" name="stopSelenium" is-config="true" duration-ms="901" started-at="2019-04-22T12:09:56Z" finished-at="2019-04-22T12:09:57Z">
          <reporter-output>
          </reporter-output>
        </test-method> <!-- stopSelenium -->
        <test-method status="PASS" signature="springTestContextAfterTestClass()[pri:0, instance:com.insider.test.SocialLinksTest@1961d75a]" name="springTestContextAfterTestClass" is-config="true" duration-ms="1" started-at="2019-04-22T12:09:57Z" finished-at="2019-04-22T12:09:57Z">
          <reporter-output>
          </reporter-output>
        </test-method> <!-- springTestContextAfterTestClass -->
      </class> <!-- com.insider.test.SocialLinksTest -->
    </test> <!-- Surefire test -->
  </suite> <!-- Surefire suite -->
</testng-results>
